huangshan pts/4        2015-05-13 08:25 (loginserver)
huangshan pts/13       2015-05-13 08:42 (localhost:10.0)
yanyunchao pts/15       2015-05-13 08:52 (loginserver)
yanyunchao pts/16       2015-05-13 08:52 (loginserver)
yanyunchao pts/23       2015-05-13 08:52 (loginserver)
yanyunchao pts/24       2015-05-13 08:52 (loginserver)
yanyunchao pts/38       2015-05-13 08:52 (loginserver)
yanyunchao pts/41       2015-05-13 08:52 (loginserver)
yanyunchao pts/42       2015-05-13 08:52 (loginserver)
huangshan pts/27       2015-05-13 08:55 (loginserver)
huangshan pts/42       2015-05-13 08:56 (localhost:27.0)
wanghongwei pts/46       2015-05-13 09:42 (node23)
huangshan pts/46       2015-05-13 11:13 (loginserver)
yuli     pts/15       2015-05-13 13:25 (loginserver)
yanyunchao pts/16       2015-05-13 13:35 (loginserver)
yanyunchao pts/23       2015-05-13 13:35 (loginserver)
yanyunchao pts/24       2015-05-13 13:39 (loginserver)
yanyunchao pts/38       2015-05-13 13:39 (loginserver)
yanyunchao pts/41       2015-05-13 13:39 (loginserver)
yanyunchao pts/51       2015-05-13 13:39 (loginserver)
yuli     pts/45       2015-05-13 14:22 (loginserver)
yuli     pts/45       2015-05-13 14:23 (loginserver)
zhangyinan pts/53       2015-05-13 14:23 (loginserver)
yanyunchao pts/53       2015-05-13 16:29 (loginserver)
yanyunchao pts/54       2015-05-13 16:32 (loginserver)
yanyunchao pts/55       2015-05-13 16:34 (loginserver)
yanyunchao pts/54       2015-05-13 16:52 (loginserver)
yanyunchao pts/55       2015-05-13 16:57 (loginserver)
yanyunchao pts/56       2015-05-13 16:57 (:pts/55:S.0)
yinliang pts/54       2015-05-13 19:08 (loginserver)
yinliang pts/55       2015-05-13 19:08 (:pts/54:S.0)
yinliang pts/57       2015-05-13 19:37 (:pts/54:S.1)
huangshan pts/58       2015-05-13 19:42 (loginserver)
liulin   pts/59       2015-05-13 20:38 (loginserver)
huangshan pts/4        2015-05-14 08:19 (loginserver)
yanyunchao pts/13       2015-05-14 08:51 (loginserver)
yanyunchao pts/56       2015-05-14 08:52 (:pts/13:S.0)
yanyunchao pts/16       2015-05-14 08:58 (loginserver)
yanyunchao pts/23       2015-05-14 08:58 (loginserver)
yanyunchao pts/24       2015-05-14 08:58 (loginserver)
yanyunchao pts/27       2015-05-14 08:58 (loginserver)
yanyunchao pts/38       2015-05-14 08:59 (loginserver)
yanyunchao pts/41       2015-05-14 08:59 (loginserver)
yanyunchao pts/42       2015-05-14 08:59 (loginserver)
yanyunchao pts/46       2015-05-14 09:02 (:pts/13:S.1)
huangshan pts/51       2015-05-14 09:05 (localhost:10.0)
huangshan pts/53       2015-05-14 09:10 (loginserver)
huangshan pts/58       2015-05-14 09:11 (localhost:29.0)
yanyunchao pts/13       2015-05-14 10:47 (loginserver)
yanyunchao pts/60       2015-05-14 10:48 (loginserver)
yanyunchao pts/61       2015-05-14 11:06 (:pts/13:S.0)
yanyunchao pts/0        2015-05-14 13:49 (loginserver)
liwenwen pts/13       2015-05-14 14:24 (loginserver)
yanyunchao pts/13       2015-05-14 14:54 (loginserver)
liwenwen pts/25       2015-05-14 14:55 (loginserver)
huangshan pts/0        2015-05-15 08:19 (loginserver)
huangshan pts/4        2015-05-15 08:47 (localhost:10.0)
huangshan pts/16       2015-05-15 08:58 (loginserver)
huangshan pts/23       2015-05-15 09:58 (localhost:14.0)
huangshan pts/24       2015-05-15 10:48 (loginserver)
huangshan pts/27       2015-05-15 17:30 (loginserver)
wanghongwei pts/0        2015-05-15 19:42 (loginserver)
huangshan pts/0        2015-05-16 15:52 (loginserver)
huangshan pts/4        2015-05-16 17:11 (localhost:10.0)
sunbule  pts/16       2015-05-16 20:08 (loginserver)
sunbule  pts/23       2015-05-16 20:08 (:pts/16:S.0)
sunbule  pts/23       2015-05-16 20:21 (:pts/16:S.0)
huangshan pts/0        2015-05-18 08:12 (loginserver)
huangshan pts/4        2015-05-18 08:21 (loginserver)
huangshan pts/24       2015-05-18 08:41 (localhost:10.0)
huangshan pts/24       2015-05-18 08:41 (localhost:10.0)
yanyunchao pts/27       2015-05-18 08:45 (loginserver)
yanyunchao pts/38       2015-05-18 08:45 (loginserver)
yanyunchao pts/41       2015-05-18 08:45 (loginserver)
yanyunchao pts/42       2015-05-18 08:45 (loginserver)
yanyunchao pts/49       2015-05-18 08:45 (loginserver)
yanyunchao pts/51       2015-05-18 08:45 (loginserver)
huangshan pts/53       2015-05-18 08:59 (loginserver)
yanyunchao pts/58       2015-05-18 09:18 (loginserver)
liulin   pts/33       2015-05-18 09:20 (loginserver)
sunbule  pts/23       2015-05-18 09:22 (:pts/16:S.0)
huangshan pts/33       2015-05-18 09:24 (localhost:17.0)
yanyunchao pts/13       2015-05-18 10:04 (loginserver)
yanyunchao pts/58       2015-05-18 10:12 (loginserver)
huangshan pts/58       2015-05-18 10:20 (loginserver)
wanghongwei pts/0        2015-05-18 14:27 (loginserver)
huangshan pts/4        2015-05-18 20:39 (loginserver)
huangshan pts/13       2015-05-18 21:15 (localhost:10.0)
huangshan pts/24       2015-05-18 21:48 (loginserver)
huangshan pts/33       2015-05-18 21:49 (localhost:17.0)
wanghongwei pts/53       2015-05-18 21:54 (loginserver)
huangshan pts/4        2015-05-19 08:29 (loginserver)
huangshan pts/13       2015-05-19 08:29 (localhost:10.0)
yanyunchao pts/17       2015-05-19 08:45 (loginserver)
yanyunchao pts/24       2015-05-19 08:45 (loginserver)
yanyunchao pts/27       2015-05-19 08:45 (loginserver)
yanyunchao pts/33       2015-05-19 08:45 (loginserver)
yanyunchao pts/38       2015-05-19 08:45 (loginserver)
yanyunchao pts/41       2015-05-19 08:45 (loginserver)
huangshan pts/42       2015-05-19 08:52 (loginserver)
huangshan pts/49       2015-05-19 08:52 (localhost:26.0)
wanghongwei pts/51       2015-05-19 11:20 (loginserver)
yanyunchao pts/53       2015-05-19 14:03 (loginserver)
yanyunchao pts/51       2015-05-19 17:34 (loginserver)
yanyunchao pts/4        2015-05-19 20:24 (loginserver)
huangshan pts/4        2015-05-20 07:59 (loginserver)
huangshan pts/13       2015-05-20 08:05 (localhost:10.0)
huangshan pts/17       2015-05-20 08:15 (loginserver)
huangshan pts/24       2015-05-20 08:19 (localhost:16.0)
huangshan pts/24       2015-05-20 08:19 (localhost:16.0)
yanyunchao pts/27       2015-05-20 08:45 (loginserver)
yanyunchao pts/33       2015-05-20 08:45 (loginserver)
yanyunchao pts/38       2015-05-20 08:46 (loginserver)
yanyunchao pts/41       2015-05-20 08:46 (loginserver)
yanyunchao pts/42       2015-05-20 08:46 (loginserver)
yanyunchao pts/49       2015-05-20 08:46 (loginserver)
yanyunchao pts/51       2015-05-20 08:46 (loginserver)
yanyunchao pts/53       2015-05-20 08:55 (loginserver)
yanyunchao pts/53       2015-05-20 14:34 (loginserver)
yanyunchao pts/55       2015-05-20 14:34 (loginserver)
yanyunchao pts/58       2015-05-20 14:34 (loginserver)
yanyunchao pts/59       2015-05-20 14:34 (loginserver)
yanyunchao pts/60       2015-05-20 14:34 (loginserver)
yanyunchao pts/62       2015-05-20 14:34 (loginserver)
yanyunchao pts/63       2015-05-20 14:34 (loginserver)
yanyunchao pts/41       2015-05-20 14:48 (loginserver)
yanyunchao pts/27       2015-05-20 15:14 (loginserver)
yanyunchao pts/53       2015-05-20 15:14 (loginserver)
yanyunchao pts/64       2015-05-20 15:14 (loginserver)
yanyunchao pts/65       2015-05-20 15:14 (loginserver)
yanyunchao pts/66       2015-05-20 15:14 (loginserver)
yanyunchao pts/67       2015-05-20 15:14 (loginserver)
yanyunchao pts/69       2015-05-20 15:15 (loginserver)
yanyunchao pts/53       2015-05-20 15:16 (loginserver)
yaowenxing pts/70       2015-05-20 15:16 (loginserver)
yanyunchao pts/71       2015-05-20 15:16 (loginserver)
yanyunchao pts/72       2015-05-20 15:16 (loginserver)
yanyunchao pts/73       2015-05-20 15:24 (loginserver)
yanyunchao pts/4        2015-05-20 16:25 (loginserver)
yanyunchao pts/11       2015-05-20 16:28 (loginserver)
yanyunchao pts/13       2015-05-20 16:30 (loginserver)
yanyunchao pts/15       2015-05-20 16:30 (loginserver)
yanyunchao pts/16       2015-05-20 16:30 (loginserver)
yanyunchao pts/19       2015-05-20 16:30 (loginserver)
yanyunchao pts/29       2015-05-20 16:30 (loginserver)
huangshan pts/14       2015-05-20 21:17 (loginserver)
wanghongwei pts/14       2015-05-20 22:48 (loginserver)
wanghongwei pts/17       2015-05-20 23:32 (loginserver)
huangshan pts/17       2015-05-21 08:09 (loginserver)
huangshan pts/24       2015-05-21 08:09 (localhost:16.0)
huangshan pts/27       2015-05-21 08:22 (loginserver)
huangshan pts/30       2015-05-21 08:23 (localhost:17.0)
yanyunchao pts/33       2015-05-21 09:17 (loginserver)
yanyunchao pts/38       2015-05-21 09:17 (loginserver)
yanyunchao pts/41       2015-05-21 09:17 (loginserver)
yanyunchao pts/42       2015-05-21 09:17 (loginserver)
yanyunchao pts/45       2015-05-21 09:17 (loginserver)
yanyunchao pts/49       2015-05-21 09:17 (loginserver)
yanyunchao pts/51       2015-05-21 09:17 (loginserver)
wangqiuju pts/53       2015-05-21 09:30 (loginserver)
wangqiuju pts/54       2015-05-21 09:30 (:pts/53:S.0)
wangqiuju pts/55       2015-05-21 09:35 (loginserver)
yanyunchao pts/11       2015-05-21 09:53 (loginserver)
huangshan pts/4        2015-05-21 09:58 (loginserver)
wangqiuju pts/11       2015-05-21 10:35 (loginserver)
wangqiuju pts/13       2015-05-21 16:31 (loginserver)
wangqiuju pts/4        2015-05-21 19:53 (loginserver)
huangshan pts/4        2015-05-23 13:17 (loginserver)
huangshan pts/11       2015-05-23 13:17 (localhost:10.0)
huangshan pts/13       2015-05-23 13:18 (loginserver)
huangshan pts/14       2015-05-23 13:18 (localhost:11.0)
wanghongwei pts/4        2015-05-24 00:03 (loginserver)
wanghongwei pts/4        2015-05-24 12:18 (loginserver)
wanghongwei pts/4        2015-05-24 12:18 (loginserver)
wangqiuju pts/4        2015-05-25 08:34 (loginserver)
huangshan pts/11       2015-05-25 08:50 (loginserver)
huangshan pts/13       2015-05-25 08:50 (localhost:11.0)
huangshan pts/14       2015-05-25 13:44 (loginserver)
yanyunchao pts/15       2015-05-25 16:26 (loginserver)
wangqiuju pts/4        2015-05-25 17:25 (loginserver)
yanyunchao pts/15       2015-05-25 19:23 (loginserver)
huangshan pts/11       2015-05-26 08:07 (loginserver)
huangshan pts/13       2015-05-26 08:09 (loginserver)
huangshan pts/14       2015-05-26 08:10 (localhost:12.0)
wangqiuju pts/4        2015-05-26 08:50 (loginserver)
huangshan pts/15       2015-05-26 09:13 (localhost:11.0)
yanyunchao pts/16       2015-05-26 11:04 (loginserver)
yanyunchao pts/16       2015-05-26 11:05 (loginserver)
sunbule  pts/17       2015-05-26 14:14 (loginserver)
yanyunchao pts/4        2015-05-26 21:33 (loginserver)
yanyunchao pts/11       2015-05-26 21:33 (loginserver)
yanyunchao pts/13       2015-05-26 21:34 (loginserver)
yanyunchao pts/11       2015-05-26 21:48 (loginserver)
huangshan pts/14       2015-05-27 08:19 (loginserver)
huangshan pts/15       2015-05-27 08:32 (localhost:15.0)
huangshan pts/19       2015-05-27 08:33 (loginserver)
huangshan pts/24       2015-05-27 08:33 (localhost:16.0)
yanyunchao pts/27       2015-05-27 09:24 (loginserver)
liwenwen pts/29       2015-05-27 10:08 (loginserver)
huangshan pts/30       2015-05-27 13:47 (loginserver)
yanyunchao pts/38       2015-05-27 13:49 (loginserver)
wanghongwei pts/45       2015-05-27 16:23 (loginserver)
yanyunchao pts/49       2015-05-27 17:46 (loginserver)
wanghongwei pts/45       2015-05-27 18:24 (loginserver)
wanghongwei pts/14       2015-05-28 16:52 (loginserver)
yanyunchao pts/11       2015-05-28 17:09 (loginserver)
yinliang pts/14       2015-05-28 20:44 (loginserver)
yinliang pts/15       2015-05-28 20:44 (:pts/14:S.0)
yanyunchao pts/4        2015-05-28 22:03 (loginserver)
yanyunchao pts/4        2015-05-28 22:16 (loginserver)
yanyunchao pts/4        2015-05-28 22:18 (loginserver)
yanyunchao pts/4        2015-05-28 22:22 (loginserver)
yanyunchao pts/11       2015-05-28 22:22 (loginserver)
yanyunchao pts/4        2015-05-28 22:38 (loginserver)
yinliang pts/4        2015-05-28 23:49 (:pts/14:S.1)
huangshan pts/4        2015-05-29 08:02 (loginserver)
huangshan pts/11       2015-05-29 08:13 (loginserver)
huangshan pts/13       2015-05-29 08:13 (localhost:11.0)
yanyunchao pts/16       2015-05-29 08:49 (loginserver)
yanyunchao pts/19       2015-05-29 08:49 (loginserver)
yanyunchao pts/24       2015-05-29 08:49 (loginserver)
yanyunchao pts/27       2015-05-29 08:49 (loginserver)
yanyunchao pts/30       2015-05-29 08:49 (loginserver)
yanyunchao pts/33       2015-05-29 08:49 (loginserver)
huangshan pts/38       2015-05-29 09:36 (localhost:10.0)
yanyunchao pts/24       2015-05-29 09:46 (loginserver)
wanghongwei pts/41       2015-05-29 11:12 (loginserver)
wanghongwei pts/41       2015-05-29 11:21 (loginserver)
yuli     pts/42       2015-05-29 13:29 (loginserver)
yanyunchao pts/24       2015-05-29 15:56 (loginserver)
yanyunchao pts/24       2015-05-29 15:56 (loginserver)
huangshan pts/41       2015-05-29 18:37 (localhost:11.0)
huangshan pts/4        2015-05-31 08:21 (loginserver)
huangshan pts/11       2015-05-31 08:21 (localhost:10.0)
huangshan pts/13       2015-05-31 10:46 (localhost:10.0)
huangshan pts/14       2015-05-31 13:32 (loginserver)
huangshan pts/15       2015-05-31 13:32 (localhost:11.0)
yinliang pts/14       2015-05-31 13:57 (loginserver)
yinliang pts/57       2015-05-31 13:57 (:pts/14:S.1)
yinliang pts/28       2015-05-31 13:58 (:pts/14:S.1)
yinliang pts/7        2015-05-31 13:58 (:pts/14:S.2)
yinliang pts/22       2015-05-31 13:58 (:pts/14:S.0)
yinliang pts/12       2015-05-31 13:58 (:pts/14:S.0)
yinliang pts/50       2015-05-31 13:58 (:pts/14:S.2)
yinliang pts/31       2015-05-31 13:58 (:pts/14:S.1)
huangshan pts/7        2015-05-31 14:04 (loginserver)
huangshan pts/12       2015-05-31 14:04 (loginserver)
huangshan pts/14       2015-05-31 14:10 (localhost:15.0)
huangshan pts/15       2015-05-31 14:12 (localhost:11.0)
yanyunchao pts/16       2015-05-31 14:59 (loginserver)
yanyunchao pts/22       2015-05-31 14:59 (loginserver)
yanyunchao pts/22       2015-05-31 15:04 (loginserver)
yanyunchao pts/4        2015-05-31 15:51 (loginserver)
yanyunchao pts/11       2015-05-31 15:53 (loginserver)
yanyunchao pts/4        2015-05-31 16:15 (loginserver)
huangshan pts/11       2015-05-31 16:48 (loginserver)
wanghongwei pts/7        2015-05-31 20:22 (loginserver)
wanghongwei pts/7        2015-05-31 20:22 (loginserver)
wanghongwei pts/7        2015-05-31 23:10 (loginserver)
wanghongwei pts/7        2015-05-31 23:26 (loginserver)
wanghongwei pts/7        2015-06-01 01:26 (loginserver)
wanghongwei pts/7        2015-06-01 01:54 (loginserver)
wanghongwei pts/7        2015-06-01 01:59 (loginserver)
wanghongwei pts/7        2015-06-01 02:13 (loginserver)
wanghongwei pts/7        2015-06-01 02:28 (loginserver)
wanghongwei pts/7        2015-06-01 02:34 (loginserver)
huangshan pts/7        2015-06-01 08:34 (loginserver)
huangshan pts/11       2015-06-01 08:34 (localhost:11.0)
huangshan pts/12       2015-06-01 08:35 (loginserver)
huangshan pts/13       2015-06-01 08:36 (localhost:12.0)
yanyunchao pts/14       2015-06-01 08:51 (loginserver)
yanyunchao pts/15       2015-06-01 08:51 (loginserver)
yanyunchao pts/16       2015-06-01 08:51 (loginserver)
yanyunchao pts/17       2015-06-01 08:51 (loginserver)
yanyunchao pts/19       2015-06-01 08:51 (loginserver)
yinliang pts/22       2015-06-01 08:52 (loginserver)
wanghongwei pts/22       2015-06-01 09:27 (loginserver)
huangshan pts/24       2015-06-01 10:25 (loginserver)
yuli     pts/27       2015-06-01 10:44 (loginserver)
shihongmei pts/28       2015-06-01 10:45 (loginserver)
shihongmei pts/29       2015-06-01 10:50 (loginserver)
yanyunchao pts/30       2015-06-01 15:48 (loginserver)
yanyunchao pts/0        2015-06-01 16:21 (loginserver)
wanghongwei pts/10       2015-06-01 16:56 (loginserver)
yinliang pts/10       2015-06-01 18:13 (loginserver)
yinliang pts/22       2015-06-01 18:14 (:pts/10:S.0)
huangshan pts/28       2015-06-01 19:25 (:pts/12:S.0)
huangshan pts/7        2015-06-01 19:26 (loginserver)
huangshan pts/28       2015-06-01 19:26 (:pts/7:S.0)
huangshan pts/11       2015-06-01 19:31 (localhost:11.0)
huangshan pts/12       2015-06-01 19:33 (loginserver)
yinliang pts/13       2015-06-01 19:36 (:pts/10:S.1)
huangshan pts/24       2015-06-01 19:40 (:pts/7:S.0)
sunbule  pts/11       2015-06-01 19:54 (loginserver)
yinliang pts/28       2015-06-01 19:56 (:pts/10:S.2)
huangshan pts/7        2015-06-02 08:40 (loginserver)
huangshan pts/24       2015-06-02 08:40 (:pts/7:S.0)
huangshan pts/12       2015-06-02 08:53 (localhost:11.0)
huangshan pts/24       2015-06-02 08:55 (loginserver)
huangshan pts/28       2015-06-02 08:56 (localhost:12.0)
yinliang pts/29       2015-06-02 09:02 (:pts/10:S.2)
yinliang pts/30       2015-06-02 09:04 (localhost:18.0)
wanghongwei pts/10       2015-06-02 10:09 (loginserver)
liwenwen pts/13       2015-06-02 10:45 (loginserver)
sunbule  pts/10       2015-06-02 12:35 (loginserver)
yanyunchao pts/13       2015-06-02 13:01 (loginserver)
sunbule  pts/10       2015-06-02 13:24 (loginserver)
wanghongwei pts/11       2015-06-02 13:49 (loginserver)
wanghongwei pts/11       2015-06-02 15:43 (loginserver)
huangshan pts/22       2015-06-02 18:12 (:pts/24:S.0)
wanghongwei pts/7        2015-06-02 20:55 (loginserver)
wanghongwei pts/11       2015-06-03 01:07 (loginserver)
yinliang pts/11       2015-06-03 09:02 (loginserver)
yinliang pts/12       2015-06-03 09:02 (:pts/11:S.0)
yinliang pts/24       2015-06-03 09:03 (:pts/11:S.1)
huangshan pts/28       2015-06-03 09:10 (loginserver)
huangshan pts/22       2015-06-03 09:10 (:pts/28:S.0)
yanyunchao pts/0        2015-06-03 09:27 (loginserver)
yanyunchao pts/4        2015-06-03 09:27 (loginserver)
yanyunchao pts/13       2015-06-03 09:27 (loginserver)
yanyunchao pts/15       2015-06-03 09:27 (loginserver)
yanyunchao pts/16       2015-06-03 09:27 (loginserver)
yanyunchao pts/17       2015-06-03 09:27 (loginserver)
yinliang pts/19       2015-06-03 09:40 (localhost:12.0)
yinliang pts/22       2015-06-03 09:42 (:pts/11:S.2)
yinliang pts/12       2015-06-03 09:42 (:pts/11:S.0)
yinliang pts/19       2015-06-03 09:44 (:pts/11:S.1)
yinliang pts/22       2015-06-03 09:45 (:pts/11:S.2)
yinliang pts/24       2015-06-03 10:00 (localhost:12.0)
yinliang pts/24       2015-06-03 11:32 (:pts/11:S.3)
yinliang pts/24       2015-06-03 11:38 (:pts/11:S.3)
yinliang pts/29       2015-06-03 11:38 (localhost:12.0)
huangshan pts/30       2015-06-03 13:54 (localhost:20.0)
yinliang pts/31       2015-06-03 14:39 (localhost:12.0)
huangshan pts/33       2015-06-03 14:50 (loginserver)
huangshan pts/38       2015-06-03 14:51 (localhost:22.0)
yinliang pts/41       2015-06-03 15:28 (localhost:12.0)
yinliang pts/42       2015-06-03 15:30 (:pts/11:S.4)
yinliang pts/45       2015-06-03 16:07 (localhost:12.0)
huangshan pts/19       2015-06-03 17:13 (:pts/28:S.0)
huangshan pts/19       2015-06-03 17:25 (:pts/28:S.0)
shihongmei pts/49       2015-06-03 17:26 (loginserver)
shihongmei pts/50       2015-06-03 17:29 (loginserver)
huangshan pts/51       2015-06-03 17:31 (:pts/28:S.1)
huangshan pts/19       2015-06-03 17:31 (:pts/28:S.0)
shihongmei pts/51       2015-06-03 17:35 (loginserver)
yanyunchao pts/7        2015-06-03 23:12 (loginserver)
wanghongwei pts/27       2015-06-03 23:37 (loginserver)
wanghongwei pts/49       2015-06-03 23:46 (loginserver)
huangshan pts/22       2015-06-04 09:03 (:pts/28:S.1)
huangshan pts/22       2015-06-04 09:08 (:pts/28:S.1)
huangshan pts/19       2015-06-04 09:08 (:pts/28:S.0)
wanghongwei pts/27       2015-06-04 09:10 (loginserver)
huangshan pts/22       2015-06-04 09:13 (:pts/28:S.1)
huangshan pts/19       2015-06-04 09:13 (:pts/28:S.0)
wanghongwei pts/27       2015-06-04 09:26 (loginserver)
huangshan pts/22       2015-06-04 09:37 (:pts/28:S.1)
huangshan pts/19       2015-06-04 09:37 (:pts/28:S.0)
huangshan pts/22       2015-06-04 09:47 (:pts/28:S.1)
huangshan pts/19       2015-06-04 09:47 (:pts/28:S.0)
huangshan pts/22       2015-06-04 10:22 (:pts/28:S.1)
huangshan pts/19       2015-06-04 10:22 (:pts/28:S.0)
huangshan pts/49       2015-06-04 10:24 (loginserver)
huangshan pts/22       2015-06-04 10:34 (:pts/28:S.1)
huangshan pts/19       2015-06-04 10:34 (:pts/28:S.0)
huangshan pts/22       2015-06-04 10:56 (:pts/49:S.1)
huangshan pts/19       2015-06-04 10:56 (:pts/49:S.0)
huangshan pts/50       2015-06-04 11:02 (loginserver)
yinliang pts/51       2015-06-04 11:21 (:pts/11:S.1)
yinliang pts/27       2015-06-04 11:42 (localhost:12.0)
yinliang pts/53       2015-06-04 12:17 (localhost:12.0)
huangshan pts/22       2015-06-04 13:37 (loginserver)
huangshan pts/28       2015-06-04 13:37 (:pts/22:S.0)
huangshan pts/28       2015-06-04 13:38 (:pts/22:S.0)
huangshan pts/28       2015-06-04 13:42 (:pts/22:S.0)
huangshan pts/28       2015-06-04 14:05 (:pts/22:S.0)
huangshan pts/28       2015-06-04 14:18 (:pts/22:S.0)
yanyunchao pts/0        2015-06-04 14:26 (loginserver)
yanyunchao pts/13       2015-06-04 14:31 (loginserver)
huangshan pts/28       2015-06-04 14:34 (:pts/22:S.0)
yinliang pts/30       2015-06-04 15:34 (:pts/11:S.2)
yinliang pts/33       2015-06-04 16:22 (:pts/11:S.3)
yinliang pts/38       2015-06-04 16:53 (:pts/11:S.5)
huangshan pts/28       2015-06-04 16:55 (:pts/22:S.0)
huangshan pts/28       2015-06-04 17:09 (:pts/22:S.0)
huangshan pts/28       2015-06-04 17:33 (:pts/22:S.0)
liwenwen pts/24       2015-06-04 17:35 (loginserver)
huangshan pts/28       2015-06-04 18:09 (:pts/22:S.0)
yinliang pts/27       2015-06-04 18:27 (:pts/11:S.5)
huangshan pts/28       2015-06-04 19:15 (:pts/22:S.0)
wanghongwei pts/22       2015-06-04 20:09 (loginserver)
wanghongwei pts/22       2015-06-04 22:11 (loginserver)
yinliang pts/31       2015-06-04 23:27 (loginserver)
yinliang pts/33       2015-06-04 23:27 (:pts/31:S.0)
huangshan pts/22       2015-06-05 08:09 (loginserver)
huangshan pts/28       2015-06-05 08:10 (:pts/22:S.0)
huangshan pts/19       2015-06-05 08:43 (:pts/22:S.0)
huangshan pts/19       2015-06-05 08:44 (localhost:20.0)
yinliang pts/31       2015-06-05 08:52 (:pts/11:S.3)
yinliang pts/38       2015-06-05 08:53 (loginserver)
yinliang pts/33       2015-06-05 08:53 (:pts/38:S.0)
yanyunchao pts/41       2015-06-05 09:03 (loginserver)
wanghongwei pts/33       2015-06-05 09:20 (loginserver)
yinliang pts/12       2015-06-05 14:06 (:pts/11:S.0)
yinliang pts/30       2015-06-05 14:08 (localhost:12.0)
shihongmei pts/41       2015-06-05 14:54 (loginserver)
yinliang pts/10       2015-06-05 18:30 (localhost:22.0)
yuli     pts/10       2015-06-05 19:01 (loginserver)
yuli     pts/11       2015-06-05 19:04 (loginserver)
yuli     pts/30       2015-06-05 19:11 (loginserver)
sungang  pts/12       2015-06-05 20:47 (loginserver)
huangshan pts/31       2015-06-05 21:01 (:pts/22:S.0)
sungang  pts/19       2015-06-05 21:12 (:pts/12:S.0)
sungang  pts/12       2015-06-05 22:50 (loginserver)
huangshan pts/12       2015-06-06 09:51 (loginserver)
huangshan pts/31       2015-06-06 09:52 (:pts/12:S.0)
huangshan pts/31       2015-06-06 11:41 (:pts/12:S.0)
huangshan pts/31       2015-06-06 12:16 (:pts/12:S.0)
huangshan pts/22       2015-06-06 12:24 (localhost:20.0)
huangshan pts/22       2015-06-06 12:24 (localhost:20.0)
wanghongwei pts/28       2015-06-06 15:13 (loginserver)
huangshan pts/28       2015-06-06 15:50 (:pts/12:S.0)
huangshan pts/28       2015-06-06 17:40 (:pts/12:S.0)
huangshan pts/28       2015-06-06 18:26 (:pts/12:S.0)
huangshan pts/28       2015-06-06 18:29 (:pts/12:S.0)
huangshan pts/28       2015-06-06 19:36 (:pts/12:S.0)
huangshan pts/28       2015-06-06 19:39 (:pts/12:S.0)
wanghongwei pts/12       2015-06-07 05:02 (loginserver)
wanghongwei pts/12       2015-06-07 05:07 (loginserver)
wanghongwei pts/12       2015-06-07 21:45 (loginserver)
huangshan pts/12       2015-06-08 08:12 (loginserver)
huangshan pts/28       2015-06-08 08:12 (:pts/12:S.0)
huangshan pts/22       2015-06-08 11:05 (loginserver)
huangshan pts/12       2015-06-08 11:06 (loginserver)
huangshan pts/22       2015-06-08 11:07 (localhost:20.0)
yanyunchao pts/31       2015-06-08 14:12 (loginserver)
huangshan pts/31       2015-06-08 14:19 (loginserver)
wanghongwei pts/33       2015-06-08 14:34 (loginserver)
yanyunchao pts/0        2015-06-08 16:24 (loginserver)
yanyunchao pts/4        2015-06-08 16:24 (loginserver)
yanyunchao pts/7        2015-06-08 16:24 (loginserver)
yanyunchao pts/13       2015-06-08 16:24 (loginserver)
yanyunchao pts/15       2015-06-08 16:24 (loginserver)
yanyunchao pts/16       2015-06-08 16:24 (loginserver)
yanyunchao pts/17       2015-06-08 16:51 (loginserver)
yanyunchao pts/17       2015-06-08 16:52 (loginserver)
huangshan pts/17       2015-06-08 19:44 (localhost:22.0)
huangshan pts/38       2015-06-08 20:20 (loginserver)
wanghongwei pts/12       2015-06-08 21:52 (loginserver)
wanghongwei pts/12       2015-06-08 22:18 (loginserver)
wanghongwei pts/12       2015-06-09 01:33 (loginserver)
wanghongwei pts/12       2015-06-09 02:42 (loginserver)
huangshan pts/17       2015-06-09 08:19 (loginserver)
huangshan pts/22       2015-06-09 08:19 (localhost:20.0)
huangshan pts/31       2015-06-09 08:20 (loginserver)
huangshan pts/33       2015-06-09 08:20 (localhost:22.0)
chenyang pts/12       2015-06-09 09:07 (loginserver)
huangshan pts/28       2015-06-09 14:10 (:pts/17:S.0)
huangshan pts/28       2015-06-09 14:10 (:pts/17:S.0)
huangshan pts/28       2015-06-09 14:11 (:pts/17:S.0)
huangshan pts/28       2015-06-09 14:24 (:pts/17:S.0)
yanyunchao pts/4        2015-06-09 14:42 (loginserver)
huangshan pts/38       2015-06-09 15:39 (loginserver)
yinliang pts/41       2015-06-09 16:59 (loginserver)
yinliang pts/42       2015-06-09 16:59 (:pts/41:S.0)
wanghongwei pts/41       2015-06-09 17:49 (node23)
huangshan pts/28       2015-06-09 19:35 (:pts/38:S.0)
wanghongwei pts/17       2015-06-09 20:28 (loginserver)
huangshan pts/22       2015-06-10 08:11 (loginserver)
yanyunchao pts/0        2015-06-10 08:53 (loginserver)
yanyunchao pts/4        2015-06-10 08:53 (loginserver)
yanyunchao pts/7        2015-06-10 08:53 (loginserver)
yanyunchao pts/13       2015-06-10 08:53 (loginserver)
yanyunchao pts/15       2015-06-10 08:53 (loginserver)
yanyunchao pts/16       2015-06-10 08:53 (loginserver)
yanyunchao pts/17       2015-06-10 08:53 (loginserver)
yinliang pts/31       2015-06-10 09:12 (loginserver)
wanghongwei pts/31       2015-06-10 09:12 (loginserver)
yinliang pts/33       2015-06-10 09:18 (loginserver)
yanyunchao pts/0        2015-06-10 09:23 (loginserver)
huangshan pts/33       2015-06-10 09:35 (loginserver)
yanyunchao pts/15       2015-06-10 10:20 (loginserver)
yanyunchao pts/13       2015-06-10 10:50 (loginserver)
yanyunchao pts/17       2015-06-10 14:11 (loginserver)
yanyunchao pts/17       2015-06-10 14:11 (loginserver)
yanghang pts/38       2015-06-10 14:19 (loginserver)
yanyunchao pts/41       2015-06-10 16:02 (loginserver)
wanghongwei pts/31       2015-06-10 16:46 (loginserver)
huangshan pts/10       2015-06-10 16:51 (loginserver)
yanghang pts/13       2015-06-10 16:53 (loginserver)
yanyunchao pts/17       2015-06-10 17:06 (loginserver)
yanyunchao pts/33       2015-06-10 17:06 (loginserver)
yanyunchao pts/42       2015-06-10 17:06 (loginserver)
yanyunchao pts/45       2015-06-10 17:06 (loginserver)
yanyunchao pts/49       2015-06-10 17:06 (loginserver)
yanyunchao pts/50       2015-06-10 17:06 (loginserver)
yanyunchao pts/51       2015-06-10 17:06 (loginserver)
sunbule  pts/0        2015-06-10 19:29 (loginserver)
yinliang pts/4        2015-06-10 20:24 (loginserver)
yanyunchao pts/4        2015-06-10 21:43 (loginserver)
wanghongwei pts/7        2015-06-11 04:24 (loginserver)
huangshan pts/7        2015-06-11 08:24 (loginserver)
yanyunchao pts/10       2015-06-11 08:47 (loginserver)
yanyunchao pts/11       2015-06-11 08:47 (loginserver)
yanyunchao pts/12       2015-06-11 08:47 (loginserver)
yanyunchao pts/15       2015-06-11 08:47 (loginserver)
yanyunchao pts/16       2015-06-11 08:47 (loginserver)
wanghongwei pts/17       2015-06-11 09:06 (loginserver)
huangshan pts/22       2015-06-11 09:11 (loginserver)
wanghongwei pts/17       2015-06-11 09:11 (loginserver)
yinliang pts/30       2015-06-11 11:54 (loginserver)
yanyunchao pts/30       2015-06-11 15:18 (loginserver)
liwenwen pts/24       2015-06-11 15:52 (loginserver)
liwenwen pts/25       2015-06-11 17:56 (loginserver)
huangshan pts/30       2015-06-11 19:57 (loginserver)
huangshan pts/7        2015-06-12 09:07 (loginserver)
yanyunchao pts/15       2015-06-12 09:27 (loginserver)
yanyunchao pts/22       2015-06-12 10:04 (loginserver)
huangshan pts/22       2015-06-12 10:04 (loginserver)
wanghongwei pts/17       2015-06-12 14:36 (loginserver)
huangshan pts/30       2015-06-12 15:38 (localhost:22.0)
wanghongwei pts/7        2015-06-13 00:34 (loginserver)
wanghongwei pts/22       2015-06-13 00:45 (loginserver)
wanghongwei pts/0        2015-06-13 13:34 (loginserver)
yanyunchao pts/4        2015-06-13 14:13 (loginserver)
yanyunchao pts/7        2015-06-13 14:19 (loginserver)
yanyunchao pts/22       2015-06-13 14:19 (loginserver)
yanyunchao pts/30       2015-06-13 14:19 (loginserver)
yanyunchao pts/31       2015-06-13 14:19 (loginserver)
yanyunchao pts/33       2015-06-13 14:19 (loginserver)
yanyunchao pts/38       2015-06-13 14:19 (loginserver)
yanyunchao pts/10       2015-06-13 19:54 (loginserver)
yanyunchao pts/10       2015-06-13 21:04 (loginserver)
wanghongwei pts/0        2015-06-14 02:07 (loginserver)
wanghongwei pts/0        2015-06-14 12:33 (loginserver)
wanghongwei pts/0        2015-06-14 21:42 (loginserver)
wanghongwei pts/0        2015-06-14 21:47 (loginserver)
huangshan pts/0        2015-06-15 07:57 (loginserver)
yanyunchao pts/4        2015-06-15 09:00 (loginserver)
yanyunchao pts/7        2015-06-15 09:00 (loginserver)
yanyunchao pts/10       2015-06-15 09:01 (loginserver)
yanyunchao pts/11       2015-06-15 09:01 (loginserver)
yanyunchao pts/12       2015-06-15 09:01 (loginserver)
yanyunchao pts/15       2015-06-15 09:06 (loginserver)
yanyunchao pts/12       2015-06-15 09:06 (loginserver)
yanyunchao pts/12       2015-06-15 09:07 (loginserver)
yanyunchao pts/4        2015-06-15 09:08 (loginserver)
yanyunchao pts/4        2015-06-15 09:08 (loginserver)
yanyunchao pts/4        2015-06-15 09:09 (loginserver)
yanyunchao pts/4        2015-06-15 09:09 (loginserver)
yanyunchao pts/4        2015-06-15 09:11 (loginserver)
wanghongwei pts/7        2015-06-15 09:11 (loginserver)
yanyunchao pts/10       2015-06-15 09:13 (loginserver)
yanyunchao pts/11       2015-06-15 09:13 (loginserver)
yanyunchao pts/12       2015-06-15 09:13 (loginserver)
yanyunchao pts/15       2015-06-15 09:13 (loginserver)
yanyunchao pts/16       2015-06-15 09:13 (loginserver)
yanyunchao pts/15       2015-06-15 10:19 (loginserver)
huangshan pts/15       2015-06-15 10:38 (:pts/0:S.0)
huangshan pts/28       2015-06-15 10:39 (:pts/0:S.0)
huangshan pts/15       2015-06-15 10:42 (:pts/0:S.0)
huangshan pts/15       2015-06-15 12:40 (:pts/0:S.0)
yanyunchao pts/4        2015-06-15 13:34 (loginserver)
yanyunchao pts/10       2015-06-15 13:34 (loginserver)
yanyunchao pts/11       2015-06-15 13:35 (loginserver)
yanyunchao pts/12       2015-06-15 13:35 (loginserver)
yanyunchao pts/16       2015-06-15 13:35 (loginserver)
yanyunchao pts/17       2015-06-15 13:35 (loginserver)
wanghongwei pts/22       2015-06-15 14:03 (loginserver)
huangshan pts/15       2015-06-15 14:11 (:pts/0:S.0)
huangshan pts/28       2015-06-15 14:40 (loginserver)
huangshan pts/30       2015-06-15 15:53 (localhost:22.0)
huangshan pts/31       2015-06-15 15:59 (localhost:10.0)
wanghongwei pts/22       2015-06-15 18:32 (loginserver)
yanyunchao pts/33       2015-06-15 19:43 (loginserver)
yanyunchao pts/16       2015-06-15 19:46 (loginserver)
yanyunchao pts/16       2015-06-15 19:48 (loginserver)
yanyunchao pts/16       2015-06-15 19:48 (node23)
yanyunchao pts/16       2015-06-15 19:52 (node23)
yanyunchao pts/16       2015-06-15 19:53 (node23)
